{
  "/home/dmtavs/projects/shieldspire/shieldspire-fe/shieldspire/src/App.tsx": {
    "path": "/home/dmtavs/projects/shieldspire/shieldspire-fe/shieldspire/src/App.tsx",
    "all": false,
    "statementMap": {
      "0": { "start": { "line": 1, "column": 0 }, "end": { "line": 1, "column": 51 } },
      "1": { "start": { "line": 2, "column": 0 }, "end": { "line": 2, "column": 65 } },
      "2": { "start": { "line": 3, "column": 0 }, "end": { "line": 3, "column": 29 } },
      "3": { "start": { "line": 4, "column": 0 }, "end": { "line": 4, "column": 49 } },
      "4": { "start": { "line": 5, "column": 0 }, "end": { "line": 5, "column": 49 } },
      "5": { "start": { "line": 6, "column": 0 }, "end": { "line": 6, "column": 57 } },
      "6": { "start": { "line": 7, "column": 0 }, "end": { "line": 7, "column": 57 } },
      "7": { "start": { "line": 8, "column": 0 }, "end": { "line": 8, "column": 0 } },
      "8": { "start": { "line": 9, "column": 0 }, "end": { "line": 9, "column": 29 } },
      "9": { "start": { "line": 10, "column": 0 }, "end": { "line": 10, "column": 47 } },
      "10": { "start": { "line": 11, "column": 0 }, "end": { "line": 11, "column": 0 } },
      "11": { "start": { "line": 12, "column": 0 }, "end": { "line": 12, "column": 19 } },
      "12": { "start": { "line": 13, "column": 0 }, "end": { "line": 13, "column": 47 } },
      "13": { "start": { "line": 14, "column": 0 }, "end": { "line": 14, "column": 60 } },
      "14": { "start": { "line": 15, "column": 0 }, "end": { "line": 15, "column": 37 } },
      "15": { "start": { "line": 16, "column": 0 }, "end": { "line": 16, "column": 9 } },
      "16": { "start": { "line": 17, "column": 0 }, "end": { "line": 17, "column": 0 } },
      "17": { "start": { "line": 18, "column": 0 }, "end": { "line": 18, "column": 16 } },
      "18": { "start": { "line": 19, "column": 0 }, "end": { "line": 19, "column": 63 } },
      "19": { "start": { "line": 20, "column": 0 }, "end": { "line": 20, "column": 3 } },
      "20": { "start": { "line": 21, "column": 0 }, "end": { "line": 21, "column": 0 } },
      "21": { "start": { "line": 22, "column": 0 }, "end": { "line": 22, "column": 10 } },
      "22": { "start": { "line": 23, "column": 0 }, "end": { "line": 23, "column": 25 } },
      "23": { "start": { "line": 24, "column": 0 }, "end": { "line": 24, "column": 21 } },
      "24": { "start": { "line": 25, "column": 0 }, "end": { "line": 25, "column": 18 } },
      "25": { "start": { "line": 26, "column": 0 }, "end": { "line": 26, "column": 21 } },
      "26": { "start": { "line": 27, "column": 0 }, "end": { "line": 27, "column": 18 } },
      "27": { "start": { "line": 28, "column": 0 }, "end": { "line": 28, "column": 22 } },
      "28": { "start": { "line": 29, "column": 0 }, "end": { "line": 29, "column": 10 } },
      "29": { "start": { "line": 30, "column": 0 }, "end": { "line": 30, "column": 4 } },
      "30": { "start": { "line": 31, "column": 0 }, "end": { "line": 31, "column": 2 } },
      "31": { "start": { "line": 32, "column": 0 }, "end": { "line": 32, "column": 0 } },
      "32": { "start": { "line": 33, "column": 0 }, "end": { "line": 33, "column": 19 } }
    },
    "s": {
      "0": 1,
      "1": 1,
      "2": 1,
      "3": 1,
      "4": 1,
      "5": 1,
      "6": 1,
      "7": 1,
      "8": 1,
      "9": 2,
      "10": 2,
      "11": 2,
      "12": 1,
      "13": 1,
      "14": 1,
      "15": 2,
      "16": 2,
      "17": 2,
      "18": 1,
      "19": 1,
      "20": 1,
      "21": 1,
      "22": 1,
      "23": 1,
      "24": 1,
      "25": 1,
      "26": 1,
      "27": 1,
      "28": 1,
      "29": 1,
      "30": 1,
      "31": 1,
      "32": 1
    },
    "branchMap": {
      "0": {
        "type": "branch",
        "line": 9,
        "loc": { "start": { "line": 9, "column": 22 }, "end": { "line": 31, "column": 2 } },
        "locations": [{ "start": { "line": 9, "column": 22 }, "end": { "line": 31, "column": 2 } }]
      },
      "1": {
        "type": "branch",
        "line": 18,
        "loc": { "start": { "line": 18, "column": 15 }, "end": { "line": 31, "column": 2 } },
        "locations": [{ "start": { "line": 18, "column": 15 }, "end": { "line": 31, "column": 2 } }]
      },
      "2": {
        "type": "branch",
        "line": 12,
        "loc": { "start": { "line": 12, "column": 12 }, "end": { "line": 16, "column": 3 } },
        "locations": [{ "start": { "line": 12, "column": 12 }, "end": { "line": 16, "column": 3 } }]
      },
      "3": {
        "type": "branch",
        "line": 14,
        "loc": { "start": { "line": 14, "column": 29 }, "end": { "line": 14, "column": 52 } },
        "locations": [
          { "start": { "line": 14, "column": 29 }, "end": { "line": 14, "column": 52 } }
        ]
      },
      "4": {
        "type": "branch",
        "line": 15,
        "loc": { "start": { "line": 15, "column": 11 }, "end": { "line": 15, "column": 36 } },
        "locations": [
          { "start": { "line": 15, "column": 11 }, "end": { "line": 15, "column": 36 } }
        ]
      }
    },
    "b": { "0": [2], "1": [1], "2": [1], "3": [1], "4": [1] },
    "fnMap": {
      "0": {
        "name": "App",
        "decl": { "start": { "line": 9, "column": 22 }, "end": { "line": 31, "column": 2 } },
        "loc": { "start": { "line": 9, "column": 22 }, "end": { "line": 31, "column": 2 } },
        "line": 9
      }
    },
    "f": { "0": 2 }
  },
  "/home/dmtavs/projects/shieldspire/shieldspire-fe/shieldspire/src/components/footer/Footer.tsx": {
    "path": "/home/dmtavs/projects/shieldspire/shieldspire-fe/shieldspire/src/components/footer/Footer.tsx",
    "all": false,
    "statementMap": {
      "0": { "start": { "line": 1, "column": 0 }, "end": { "line": 1, "column": 26 } },
      "1": { "start": { "line": 2, "column": 0 }, "end": { "line": 2, "column": 40 } },
      "2": { "start": { "line": 3, "column": 0 }, "end": { "line": 3, "column": 0 } },
      "3": { "start": { "line": 4, "column": 0 }, "end": { "line": 4, "column": 32 } },
      "4": { "start": { "line": 5, "column": 0 }, "end": { "line": 5, "column": 10 } },
      "5": { "start": { "line": 6, "column": 0 }, "end": { "line": 6, "column": 65 } },
      "6": { "start": { "line": 7, "column": 0 }, "end": { "line": 7, "column": 106 } },
      "7": { "start": { "line": 8, "column": 0 }, "end": { "line": 8, "column": 28 } },
      "8": { "start": { "line": 9, "column": 0 }, "end": { "line": 9, "column": 67 } },
      "9": { "start": { "line": 10, "column": 0 }, "end": { "line": 10, "column": 19 } },
      "10": { "start": { "line": 11, "column": 0 }, "end": { "line": 11, "column": 15 } },
      "11": { "start": { "line": 12, "column": 0 }, "end": { "line": 12, "column": 0 } },
      "12": { "start": { "line": 13, "column": 0 }, "end": { "line": 13, "column": 21 } },
      "13": { "start": { "line": 14, "column": 0 }, "end": { "line": 14, "column": 53 } },
      "14": { "start": { "line": 15, "column": 0 }, "end": { "line": 15, "column": 62 } },
      "15": { "start": { "line": 16, "column": 0 }, "end": { "line": 16, "column": 17 } },
      "16": { "start": { "line": 17, "column": 0 }, "end": { "line": 17, "column": 17 } },
      "17": { "start": { "line": 18, "column": 0 }, "end": { "line": 18, "column": 64 } },
      "18": { "start": { "line": 19, "column": 0 }, "end": { "line": 19, "column": 19 } },
      "19": { "start": { "line": 20, "column": 0 }, "end": { "line": 20, "column": 17 } },
      "20": { "start": { "line": 21, "column": 0 }, "end": { "line": 21, "column": 64 } },
      "21": { "start": { "line": 22, "column": 0 }, "end": { "line": 22, "column": 26 } },
      "22": { "start": { "line": 23, "column": 0 }, "end": { "line": 23, "column": 17 } },
      "23": { "start": { "line": 24, "column": 0 }, "end": { "line": 24, "column": 14 } },
      "24": { "start": { "line": 25, "column": 0 }, "end": { "line": 25, "column": 0 } },
      "25": { "start": { "line": 26, "column": 0 }, "end": { "line": 26, "column": 25 } },
      "26": { "start": { "line": 27, "column": 0 }, "end": { "line": 27, "column": 58 } },
      "27": { "start": { "line": 28, "column": 0 }, "end": { "line": 28, "column": 70 } },
      "28": { "start": { "line": 29, "column": 0 }, "end": { "line": 29, "column": 12 } },
      "29": { "start": { "line": 30, "column": 0 }, "end": { "line": 30, "column": 12 } },
      "30": { "start": { "line": 31, "column": 0 }, "end": { "line": 31, "column": 13 } },
      "31": { "start": { "line": 32, "column": 0 }, "end": { "line": 32, "column": 4 } },
      "32": { "start": { "line": 33, "column": 0 }, "end": { "line": 33, "column": 2 } },
      "33": { "start": { "line": 34, "column": 0 }, "end": { "line": 34, "column": 0 } },
      "34": { "start": { "line": 35, "column": 0 }, "end": { "line": 35, "column": 22 } }
    },
    "s": {
      "0": 1,
      "1": 1,
      "2": 1,
      "3": 1,
      "4": 1,
      "5": 1,
      "6": 1,
      "7": 1,
      "8": 1,
      "9": 1,
      "10": 1,
      "11": 1,
      "12": 1,
      "13": 1,
      "14": 1,
      "15": 1,
      "16": 1,
      "17": 1,
      "18": 1,
      "19": 1,
      "20": 1,
      "21": 1,
      "22": 1,
      "23": 1,
      "24": 1,
      "25": 1,
      "26": 1,
      "27": 1,
      "28": 1,
      "29": 1,
      "30": 1,
      "31": 1,
      "32": 1,
      "33": 1,
      "34": 1
    },
    "branchMap": {
      "0": {
        "type": "branch",
        "line": 4,
        "loc": { "start": { "line": 4, "column": 25 }, "end": { "line": 33, "column": 2 } },
        "locations": [{ "start": { "line": 4, "column": 25 }, "end": { "line": 33, "column": 2 } }]
      }
    },
    "b": { "0": [1] },
    "fnMap": {
      "0": {
        "name": "Footer",
        "decl": { "start": { "line": 4, "column": 25 }, "end": { "line": 33, "column": 2 } },
        "loc": { "start": { "line": 4, "column": 25 }, "end": { "line": 33, "column": 2 } },
        "line": 4
      }
    },
    "f": { "0": 1 }
  },
  "/home/dmtavs/projects/shieldspire/shieldspire-fe/shieldspire/src/components/loaders/app-loader.tsx": {
    "path": "/home/dmtavs/projects/shieldspire/shieldspire-fe/shieldspire/src/components/loaders/app-loader.tsx",
    "all": false,
    "statementMap": {
      "0": { "start": { "line": 1, "column": 0 }, "end": { "line": 1, "column": 26 } },
      "1": { "start": { "line": 2, "column": 0 }, "end": { "line": 2, "column": 57 } },
      "2": { "start": { "line": 3, "column": 0 }, "end": { "line": 3, "column": 47 } },
      "3": { "start": { "line": 4, "column": 0 }, "end": { "line": 4, "column": 0 } },
      "4": { "start": { "line": 5, "column": 0 }, "end": { "line": 5, "column": 26 } },
      "5": { "start": { "line": 6, "column": 0 }, "end": { "line": 6, "column": 39 } },
      "6": { "start": { "line": 7, "column": 0 }, "end": { "line": 7, "column": 1 } },
      "7": { "start": { "line": 8, "column": 0 }, "end": { "line": 8, "column": 0 } },
      "8": { "start": { "line": 9, "column": 0 }, "end": { "line": 9, "column": 62 } },
      "9": { "start": { "line": 10, "column": 0 }, "end": { "line": 10, "column": 10 } },
      "10": { "start": { "line": 11, "column": 0 }, "end": { "line": 11, "column": 122 } },
      "11": { "start": { "line": 12, "column": 0 }, "end": { "line": 12, "column": 20 } },
      "12": { "start": { "line": 13, "column": 0 }, "end": { "line": 13, "column": 23 } },
      "13": { "start": { "line": 14, "column": 0 }, "end": { "line": 14, "column": 32 } },
      "14": { "start": { "line": 15, "column": 0 }, "end": { "line": 15, "column": 47 } },
      "15": { "start": { "line": 16, "column": 0 }, "end": { "line": 16, "column": 8 } },
      "16": { "start": { "line": 17, "column": 0 }, "end": { "line": 17, "column": 0 } },
      "17": { "start": { "line": 18, "column": 0 }, "end": { "line": 18, "column": 43 } },
      "18": { "start": { "line": 19, "column": 0 }, "end": { "line": 19, "column": 78 } },
      "19": { "start": { "line": 20, "column": 0 }, "end": { "line": 20, "column": 10 } },
      "20": { "start": { "line": 21, "column": 0 }, "end": { "line": 21, "column": 4 } },
      "21": { "start": { "line": 22, "column": 0 }, "end": { "line": 22, "column": 2 } },
      "22": { "start": { "line": 23, "column": 0 }, "end": { "line": 23, "column": 0 } },
      "23": { "start": { "line": 24, "column": 0 }, "end": { "line": 24, "column": 25 } },
      "24": { "start": { "line": 25, "column": 0 }, "end": { "line": 25, "column": 0 } },
      "25": { "start": { "line": 26, "column": 0 }, "end": { "line": 26, "column": 1 } },
      "26": { "start": { "line": 27, "column": 0 }, "end": { "line": 27, "column": 113 } },
      "27": { "start": { "line": 28, "column": 0 }, "end": { "line": 28, "column": 1 } }
    },
    "s": {
      "0": 1,
      "1": 1,
      "2": 1,
      "3": 1,
      "4": 1,
      "5": 1,
      "6": 1,
      "7": 1,
      "8": 1,
      "9": 1,
      "10": 1,
      "11": 1,
      "12": 1,
      "13": 1,
      "14": 1,
      "15": 1,
      "16": 1,
      "17": 1,
      "18": 1,
      "19": 1,
      "20": 1,
      "21": 1,
      "22": 1,
      "23": 1,
      "24": 1,
      "25": 1,
      "26": 1,
      "27": 1
    },
    "branchMap": {
      "0": {
        "type": "branch",
        "line": 9,
        "loc": { "start": { "line": 9, "column": 44 }, "end": { "line": 22, "column": 2 } },
        "locations": [{ "start": { "line": 9, "column": 44 }, "end": { "line": 22, "column": 2 } }]
      }
    },
    "b": { "0": [1] },
    "fnMap": {
      "0": {
        "name": "AppLoader",
        "decl": { "start": { "line": 9, "column": 44 }, "end": { "line": 22, "column": 2 } },
        "loc": { "start": { "line": 9, "column": 44 }, "end": { "line": 22, "column": 2 } },
        "line": 9
      }
    },
    "f": { "0": 1 }
  },
  "/home/dmtavs/projects/shieldspire/shieldspire-fe/shieldspire/src/components/navbar/Navbar.tsx": {
    "path": "/home/dmtavs/projects/shieldspire/shieldspire-fe/shieldspire/src/components/navbar/Navbar.tsx",
    "all": false,
    "statementMap": {
      "0": { "start": { "line": 1, "column": 0 }, "end": { "line": 1, "column": 26 } },
      "1": { "start": { "line": 2, "column": 0 }, "end": { "line": 2, "column": 49 } },
      "2": { "start": { "line": 3, "column": 0 }, "end": { "line": 3, "column": 0 } },
      "3": { "start": { "line": 4, "column": 0 }, "end": { "line": 4, "column": 32 } },
      "4": { "start": { "line": 5, "column": 0 }, "end": { "line": 5, "column": 65 } },
      "5": { "start": { "line": 6, "column": 0 }, "end": { "line": 6, "column": 48 } },
      "6": { "start": { "line": 7, "column": 0 }, "end": { "line": 7, "column": 79 } },
      "7": { "start": { "line": 8, "column": 0 }, "end": { "line": 8, "column": 7 } },
      "8": { "start": { "line": 9, "column": 0 }, "end": { "line": 9, "column": 0 } },
      "9": { "start": { "line": 10, "column": 0 }, "end": { "line": 10, "column": 10 } },
      "10": { "start": { "line": 11, "column": 0 }, "end": { "line": 11, "column": 71 } },
      "11": { "start": { "line": 12, "column": 0 }, "end": { "line": 12, "column": 85 } },
      "12": { "start": { "line": 13, "column": 0 }, "end": { "line": 13, "column": 20 } },
      "13": { "start": { "line": 14, "column": 0 }, "end": { "line": 14, "column": 68 } },
      "14": { "start": { "line": 15, "column": 0 }, "end": { "line": 15, "column": 19 } },
      "15": { "start": { "line": 16, "column": 0 }, "end": { "line": 16, "column": 15 } },
      "16": { "start": { "line": 17, "column": 0 }, "end": { "line": 17, "column": 0 } },
      "17": { "start": { "line": 18, "column": 0 }, "end": { "line": 18, "column": 25 } },
      "18": { "start": { "line": 19, "column": 0 }, "end": { "line": 19, "column": 40 } },
      "19": { "start": { "line": 20, "column": 0 }, "end": { "line": 20, "column": 57 } },
      "20": { "start": { "line": 21, "column": 0 }, "end": { "line": 21, "column": 16 } },
      "21": { "start": { "line": 22, "column": 0 }, "end": { "line": 22, "column": 20 } },
      "22": { "start": { "line": 23, "column": 0 }, "end": { "line": 23, "column": 58 } },
      "23": { "start": { "line": 24, "column": 0 }, "end": { "line": 24, "column": 17 } },
      "24": { "start": { "line": 25, "column": 0 }, "end": { "line": 25, "column": 20 } },
      "25": { "start": { "line": 26, "column": 0 }, "end": { "line": 26, "column": 60 } },
      "26": { "start": { "line": 27, "column": 0 }, "end": { "line": 27, "column": 19 } },
      "27": { "start": { "line": 28, "column": 0 }, "end": { "line": 28, "column": 20 } },
      "28": { "start": { "line": 29, "column": 0 }, "end": { "line": 29, "column": 14 } },
      "29": { "start": { "line": 30, "column": 0 }, "end": { "line": 30, "column": 12 } },
      "30": { "start": { "line": 31, "column": 0 }, "end": { "line": 31, "column": 10 } },
      "31": { "start": { "line": 32, "column": 0 }, "end": { "line": 32, "column": 4 } },
      "32": { "start": { "line": 33, "column": 0 }, "end": { "line": 33, "column": 2 } },
      "33": { "start": { "line": 34, "column": 0 }, "end": { "line": 34, "column": 0 } },
      "34": { "start": { "line": 35, "column": 0 }, "end": { "line": 35, "column": 22 } }
    },
    "s": {
      "0": 1,
      "1": 1,
      "2": 1,
      "3": 1,
      "4": 1,
      "5": 3,
      "6": 3,
      "7": 1,
      "8": 1,
      "9": 1,
      "10": 1,
      "11": 1,
      "12": 1,
      "13": 1,
      "14": 1,
      "15": 1,
      "16": 1,
      "17": 1,
      "18": 1,
      "19": 1,
      "20": 1,
      "21": 1,
      "22": 1,
      "23": 1,
      "24": 1,
      "25": 1,
      "26": 1,
      "27": 1,
      "28": 1,
      "29": 1,
      "30": 1,
      "31": 1,
      "32": 1,
      "33": 1,
      "34": 1
    },
    "branchMap": {
      "0": {
        "type": "branch",
        "line": 4,
        "loc": { "start": { "line": 4, "column": 25 }, "end": { "line": 33, "column": 2 } },
        "locations": [{ "start": { "line": 4, "column": 25 }, "end": { "line": 33, "column": 2 } }]
      },
      "1": {
        "type": "branch",
        "line": 5,
        "loc": { "start": { "line": 5, "column": 25 }, "end": { "line": 7, "column": 79 } },
        "locations": [{ "start": { "line": 5, "column": 25 }, "end": { "line": 7, "column": 79 } }]
      },
      "2": {
        "type": "branch",
        "line": 7,
        "loc": { "start": { "line": 7, "column": 14 }, "end": { "line": 7, "column": 43 } },
        "locations": [{ "start": { "line": 7, "column": 14 }, "end": { "line": 7, "column": 43 } }]
      },
      "3": {
        "type": "branch",
        "line": 7,
        "loc": { "start": { "line": 7, "column": 43 }, "end": { "line": 7, "column": 79 } },
        "locations": [{ "start": { "line": 7, "column": 43 }, "end": { "line": 7, "column": 79 } }]
      }
    },
    "b": { "0": [1], "1": [3], "2": [1], "3": [2] },
    "fnMap": {
      "0": {
        "name": "Navbar",
        "decl": { "start": { "line": 4, "column": 25 }, "end": { "line": 33, "column": 2 } },
        "loc": { "start": { "line": 4, "column": 25 }, "end": { "line": 33, "column": 2 } },
        "line": 4
      },
      "1": {
        "name": "navLinkClasses",
        "decl": { "start": { "line": 5, "column": 25 }, "end": { "line": 7, "column": 79 } },
        "loc": { "start": { "line": 5, "column": 25 }, "end": { "line": 7, "column": 79 } },
        "line": 5
      }
    },
    "f": { "0": 1, "1": 3 }
  },
  "/home/dmtavs/projects/shieldspire/shieldspire-fe/shieldspire/src/pages/About.tsx": {
    "path": "/home/dmtavs/projects/shieldspire/shieldspire-fe/shieldspire/src/pages/About.tsx",
    "all": false,
    "statementMap": {
      "0": { "start": { "line": 1, "column": 0 }, "end": { "line": 1, "column": 40 } },
      "1": { "start": { "line": 2, "column": 0 }, "end": { "line": 2, "column": 21 } }
    },
    "s": { "0": 1, "1": 1 },
    "branchMap": {},
    "b": {},
    "fnMap": {
      "0": {
        "name": "About",
        "decl": { "start": { "line": 1, "column": 14 }, "end": { "line": 1, "column": 39 } },
        "loc": { "start": { "line": 1, "column": 14 }, "end": { "line": 1, "column": 39 } },
        "line": 1
      }
    },
    "f": { "0": 0 }
  },
  "/home/dmtavs/projects/shieldspire/shieldspire-fe/shieldspire/src/pages/Home.tsx": {
    "path": "/home/dmtavs/projects/shieldspire/shieldspire-fe/shieldspire/src/pages/Home.tsx",
    "all": false,
    "statementMap": {
      "0": { "start": { "line": 1, "column": 0 }, "end": { "line": 1, "column": 38 } },
      "1": { "start": { "line": 2, "column": 0 }, "end": { "line": 2, "column": 20 } }
    },
    "s": { "0": 1, "1": 1 },
    "branchMap": {
      "0": {
        "type": "branch",
        "line": 1,
        "loc": { "start": { "line": 1, "column": 13 }, "end": { "line": 1, "column": 37 } },
        "locations": [{ "start": { "line": 1, "column": 13 }, "end": { "line": 1, "column": 37 } }]
      }
    },
    "b": { "0": [1] },
    "fnMap": {
      "0": {
        "name": "Home",
        "decl": { "start": { "line": 1, "column": 13 }, "end": { "line": 1, "column": 37 } },
        "loc": { "start": { "line": 1, "column": 13 }, "end": { "line": 1, "column": 37 } },
        "line": 1
      }
    },
    "f": { "0": 1 }
  },
  "/home/dmtavs/projects/shieldspire/shieldspire-fe/shieldspire/src/pages/NotFound.tsx": {
    "path": "/home/dmtavs/projects/shieldspire/shieldspire-fe/shieldspire/src/pages/NotFound.tsx",
    "all": false,
    "statementMap": {
      "0": { "start": { "line": 1, "column": 0 }, "end": { "line": 1, "column": 53 } },
      "1": { "start": { "line": 2, "column": 0 }, "end": { "line": 2, "column": 24 } }
    },
    "s": { "0": 1, "1": 1 },
    "branchMap": {},
    "b": {},
    "fnMap": {
      "0": {
        "name": "NotFound",
        "decl": { "start": { "line": 1, "column": 17 }, "end": { "line": 1, "column": 52 } },
        "loc": { "start": { "line": 1, "column": 17 }, "end": { "line": 1, "column": 52 } },
        "line": 1
      }
    },
    "f": { "0": 0 }
  },
  "/home/dmtavs/projects/shieldspire/shieldspire-fe/shieldspire/src/routes/Router.tsx": {
    "path": "/home/dmtavs/projects/shieldspire/shieldspire-fe/shieldspire/src/routes/Router.tsx",
    "all": false,
    "statementMap": {
      "0": { "start": { "line": 1, "column": 0 }, "end": { "line": 1, "column": 26 } },
      "1": { "start": { "line": 2, "column": 0 }, "end": { "line": 2, "column": 49 } },
      "2": { "start": { "line": 3, "column": 0 }, "end": { "line": 3, "column": 41 } },
      "3": { "start": { "line": 4, "column": 0 }, "end": { "line": 4, "column": 43 } },
      "4": { "start": { "line": 5, "column": 0 }, "end": { "line": 5, "column": 49 } },
      "5": { "start": { "line": 6, "column": 0 }, "end": { "line": 6, "column": 0 } },
      "6": { "start": { "line": 7, "column": 0 }, "end": { "line": 7, "column": 35 } },
      "7": { "start": { "line": 8, "column": 0 }, "end": { "line": 8, "column": 10 } },
      "8": { "start": { "line": 9, "column": 0 }, "end": { "line": 9, "column": 14 } },
      "9": { "start": { "line": 10, "column": 0 }, "end": { "line": 10, "column": 45 } },
      "10": { "start": { "line": 11, "column": 0 }, "end": { "line": 11, "column": 51 } },
      "11": { "start": { "line": 12, "column": 0 }, "end": { "line": 12, "column": 49 } },
      "12": { "start": { "line": 13, "column": 0 }, "end": { "line": 13, "column": 15 } },
      "13": { "start": { "line": 14, "column": 0 }, "end": { "line": 14, "column": 4 } },
      "14": { "start": { "line": 15, "column": 0 }, "end": { "line": 15, "column": 2 } },
      "15": { "start": { "line": 16, "column": 0 }, "end": { "line": 16, "column": 0 } },
      "16": { "start": { "line": 17, "column": 0 }, "end": { "line": 17, "column": 25 } }
    },
    "s": {
      "0": 1,
      "1": 1,
      "2": 1,
      "3": 1,
      "4": 1,
      "5": 1,
      "6": 1,
      "7": 1,
      "8": 1,
      "9": 1,
      "10": 1,
      "11": 1,
      "12": 1,
      "13": 1,
      "14": 1,
      "15": 1,
      "16": 1
    },
    "branchMap": {
      "0": {
        "type": "branch",
        "line": 7,
        "loc": { "start": { "line": 7, "column": 28 }, "end": { "line": 15, "column": 2 } },
        "locations": [{ "start": { "line": 7, "column": 28 }, "end": { "line": 15, "column": 2 } }]
      }
    },
    "b": { "0": [1] },
    "fnMap": {
      "0": {
        "name": "AppRouter",
        "decl": { "start": { "line": 7, "column": 28 }, "end": { "line": 15, "column": 2 } },
        "loc": { "start": { "line": 7, "column": 28 }, "end": { "line": 15, "column": 2 } },
        "line": 7
      }
    },
    "f": { "0": 1 }
  },
  "/home/dmtavs/projects/shieldspire/shieldspire-fe/shieldspire/src/utils/theme.ts": {
    "path": "/home/dmtavs/projects/shieldspire/shieldspire-fe/shieldspire/src/utils/theme.ts",
    "all": false,
    "statementMap": {
      "0": { "start": { "line": 1, "column": 0 }, "end": { "line": 1, "column": 22 } },
      "1": { "start": { "line": 2, "column": 0 }, "end": { "line": 2, "column": 11 } },
      "2": { "start": { "line": 3, "column": 0 }, "end": { "line": 3, "column": 33 } },
      "3": { "start": { "line": 4, "column": 0 }, "end": { "line": 4, "column": 40 } },
      "4": { "start": { "line": 5, "column": 0 }, "end": { "line": 5, "column": 33 } },
      "5": { "start": { "line": 6, "column": 0 }, "end": { "line": 6, "column": 31 } },
      "6": { "start": { "line": 7, "column": 0 }, "end": { "line": 7, "column": 4 } },
      "7": { "start": { "line": 8, "column": 0 }, "end": { "line": 8, "column": 2 } }
    },
    "s": { "0": 1, "1": 1, "2": 1, "3": 1, "4": 1, "5": 1, "6": 1, "7": 1 },
    "branchMap": {},
    "b": {},
    "fnMap": {},
    "f": {}
  }
}
